<?xml version="1.0" encoding="UTF-8"?>
<!-- Generated by org.testng.reporters.JUnitReportReporter -->
<testsuite hostname="DESKTOP-IMP08JL" failures="0" tests="1" name="tests.Expedia" time="14.240" errors="0" timestamp="2022-01-02T01:41:55 CST" skipped="0">
  <testcase classname="tests.Expedia" name="flightReservation" time="14.240"/>
  <system-out/>
</testsuite> <!-- tests.Expedia -->
