<?xml version="1.0" encoding="UTF-8"?>
<!-- Generated by org.testng.reporters.JUnitReportReporter -->
<testsuite hostname="DESKTOP-IMP08JL" failures="0" tests="1" name="tests.LoginHerokuTest" time="14.596" errors="0" timestamp="2021-12-30T15:13:01 CST" skipped="0">
  <testcase classname="tests.LoginHerokuTest" name="loginTestPOM" time="14.596"/>
  <system-out/>
</testsuite> <!-- tests.LoginHerokuTest -->
