<?xml version="1.0" encoding="UTF-8"?>
<!-- Generated by org.testng.reporters.JUnitReportReporter -->
<testsuite hostname="DESKTOP-IMP08JL" failures="0" tests="1" name="smoketests.ATagsTest" time="10.095" errors="0" timestamp="2021-12-30T15:05:41 CST" skipped="0">
  <testcase classname="smoketests.ATagsTest" name="loginElementsPresentTest" time="10.095"/>
  <system-out/>
</testsuite> <!-- smoketests.ATagsTest -->
